Build started 1/21/2012 3:26:38 PM.
     1>Project "C:\projects\fileRouter\tfs\tfs.vcxproj" on node 3 (rebuild target(s)).
     1>_PrepareForClean:
         Deleting file "Debug\tfs.lastbuildstate".
       InitializeBuildStatus:
         Touching "Debug\tfs.unsuccessfulbuild".
       ClCompile:
         C:\Program Files\Microsoft Visual Studio 10.0\VC\bin\CL.exe /c /ZI /nologo /W3 /WX- /Od /Oy- /D _MBCS /Gm /EHsc /RTC1 /MDd /GS /fp:precise /Zc:wchar_t /Zc:forScope /Fo"Debug\\" /Fd"Debug\vc100.pdb" /Gd /TP /analyze- /errorReport:prompt TFSBlockManager.cpp TFSCache.cpp TFSCore.cpp TFSHandle.cpp TFSInterface.cpp TFSObject.cpp TFSOperation.cpp TFSValueTypes.cpp TFSWrapper.cpp
         TFSWrapper.cpp
     1>c:\projects\filerouter\tfs\tfswrapper.h(4): fatal error C1083: Cannot open include file: 'fuse.h': No such file or directory
         TFSValueTypes.cpp
         TFSOperation.cpp
         TFSObject.cpp
         TFSInterface.cpp
         TFSHandle.cpp
         TFSCore.cpp
         TFSCache.cpp
     1>c:\projects\filerouter\tfs\tfscache.cpp(30): error C2039: 'prefix' : is not a member of 'TFS::BlockID'
                 c:\projects\filerouter\tfs\tfsvaluetypes.h(314) : see declaration of 'TFS::BlockID'
     1>c:\projects\filerouter\tfs\tfscache.cpp(30): error C2228: left of '.c_str' must have class/struct/union
     1>c:\projects\filerouter\tfs\tfscache.cpp(31): error C2039: 'body' : is not a member of 'TFS::BlockID'
                 c:\projects\filerouter\tfs\tfsvaluetypes.h(314) : see declaration of 'TFS::BlockID'
     1>c:\projects\filerouter\tfs\tfscache.cpp(45): warning C4244: 'argument' : conversion from 'U64' to 'size_t', possible loss of data
     1>c:\projects\filerouter\tfs\tfscache.cpp(68): error C2039: 'prefix' : is not a member of 'TFS::BlockID'
                 c:\projects\filerouter\tfs\tfsvaluetypes.h(314) : see declaration of 'TFS::BlockID'
     1>c:\projects\filerouter\tfs\tfscache.cpp(68): error C2228: left of '.c_str' must have class/struct/union
     1>c:\projects\filerouter\tfs\tfscache.cpp(69): error C2039: 'body' : is not a member of 'TFS::BlockID'
                 c:\projects\filerouter\tfs\tfsvaluetypes.h(314) : see declaration of 'TFS::BlockID'
     1>c:\projects\filerouter\tfs\tfscache.cpp(84): warning C4244: 'argument' : conversion from 'U64' to 'size_t', possible loss of data
     1>c:\projects\filerouter\tfs\tfscache.cpp(109): error C2039: 'prefix' : is not a member of 'TFS::BlockID'
                 c:\projects\filerouter\tfs\tfsvaluetypes.h(314) : see declaration of 'TFS::BlockID'
     1>c:\projects\filerouter\tfs\tfscache.cpp(109): error C2228: left of '.c_str' must have class/struct/union
     1>c:\projects\filerouter\tfs\tfscache.cpp(113): error C3861: 'S_ISDIR': identifier not found
     1>c:\projects\filerouter\tfs\tfscache.cpp(120): error C2065: 'S_IRWXU' : undeclared identifier
     1>c:\projects\filerouter\tfs\tfscache.cpp(120): error C3861: 'mkdir': identifier not found
         TFSBlockManager.cpp
         Generating Code...
     1>Done Building Project "C:\projects\fileRouter\tfs\tfs.vcxproj" (rebuild target(s)) -- FAILED.

Build FAILED.

Time Elapsed 00:00:07.59
